>> Evaluating: checkpoint-1000
[2025-06-22 10:22:52,659] [INFO] [real_accelerator.py:158:get_accelerator] Setting ds_accelerator to cuda (auto detect)
Loading from full model...
Loading LLaVA origin from full model...
>> Evaluating: checkpoint-1100
[2025-06-22 10:24:05,918] [INFO] [real_accelerator.py:158:get_accelerator] Setting ds_accelerator to cuda (auto detect)
Loading from full model...
Loading LLaVA origin from full model...
>> Evaluating: checkpoint-1200
[2025-06-22 10:24:44,156] [INFO] [real_accelerator.py:158:get_accelerator] Setting ds_accelerator to cuda (auto detect)
Loading from full model...
Loading LLaVA origin from full model...
>> Evaluating: checkpoint-1300
[2025-06-22 10:25:20,248] [INFO] [real_accelerator.py:158:get_accelerator] Setting ds_accelerator to cuda (auto detect)
Loading from full model...
Loading LLaVA origin from full model...
>> Evaluating: checkpoint-1600
[2025-06-22 10:25:58,271] [INFO] [real_accelerator.py:158:get_accelerator] Setting ds_accelerator to cuda (auto detect)
Loading from full model...
Loading LLaVA origin from full model...
>> Evaluating: checkpoint-1700
[2025-06-22 10:26:35,755] [INFO] [real_accelerator.py:158:get_accelerator] Setting ds_accelerator to cuda (auto detect)
Loading from full model...
Loading LLaVA origin from full model...
>> Evaluating: checkpoint-1800
[2025-06-22 10:27:11,664] [INFO] [real_accelerator.py:158:get_accelerator] Setting ds_accelerator to cuda (auto detect)
Loading from full model...
Loading LLaVA origin from full model...
>> Evaluating: checkpoint-1900
[2025-06-22 10:27:17,758] [INFO] [real_accelerator.py:158:get_accelerator] Setting ds_accelerator to cuda (auto detect)
Loading from full model...
Loading LLaVA origin from full model...
>> Evaluating: checkpoint-2000
[2025-06-22 10:27:54,027] [INFO] [real_accelerator.py:158:get_accelerator] Setting ds_accelerator to cuda (auto detect)
Loading from full model...
Loading LLaVA origin from full model...
>> Evaluating: checkpoint-2100
[2025-06-22 10:28:30,495] [INFO] [real_accelerator.py:158:get_accelerator] Setting ds_accelerator to cuda (auto detect)
Loading from full model...
Loading LLaVA origin from full model...
>> Evaluating: checkpoint-2200
[2025-06-22 10:29:07,689] [INFO] [real_accelerator.py:158:get_accelerator] Setting ds_accelerator to cuda (auto detect)
Loading from full model...
Loading LLaVA origin from full model...
>> Evaluating: checkpoint-2300
[2025-06-22 10:29:44,325] [INFO] [real_accelerator.py:158:get_accelerator] Setting ds_accelerator to cuda (auto detect)
Loading from full model...
Loading LLaVA origin from full model...
>> Evaluating: checkpoint-700
[2025-06-22 10:30:28,509] [INFO] [real_accelerator.py:158:get_accelerator] Setting ds_accelerator to cuda (auto detect)
Loading from full model...
Loading LLaVA origin from full model...
>> Evaluating: checkpoint-800
[2025-06-22 10:31:13,183] [INFO] [real_accelerator.py:158:get_accelerator] Setting ds_accelerator to cuda (auto detect)
Loading from full model...
Loading LLaVA origin from full model...
>> Evaluating: checkpoint-900
[2025-06-22 10:31:59,685] [INFO] [real_accelerator.py:158:get_accelerator] Setting ds_accelerator to cuda (auto detect)
Loading from full model...
Loading LLaVA origin from full model...
>> Evaluation abgeschlossen für alle Checkpoints.
